#-----------------------------------------------------------
# Vivado v2019.2 (64-bit)
# SW Build 2708876 on Wed Nov  6 21:40:23 MST 2019
# IP Build 2700528 on Thu Nov  7 00:09:20 MST 2019
# Start of session at: Thu Nov  9 22:22:26 2023
# Process ID: 12164
# Current directory: D:/_Code/verilog/interface_lab/RVfpga_SoC_lab6_edittiming
# Command line: vivado.exe -gui_launcher_event rodinguilauncherevent5592 D:\_Code\verilog\interface_lab\RVfpga_SoC_lab6_edittiming\RVfpga_SoC.xpr
# Log file: D:/_Code/verilog/interface_lab/RVfpga_SoC_lab6_edittiming/vivado.log
# Journal file: D:/_Code/verilog/interface_lab/RVfpga_SoC_lab6_edittiming\vivado.jou
#-----------------------------------------------------------
start_gui
open_project D:/_Code/verilog/interface_lab/RVfpga_SoC_lab6_edittiming/RVfpga_SoC.xpr
Scanning sources...
Finished scanning sources
WARNING: [filemgmt 56-3] IP Repository Path: Could not find the directory 'D:/_Code/verilog/interface_lab/PWM_7digit_1.0/PWM_7digit_1.0'.
INFO: [IP_Flow 19-234] Refreshing IP repositories
WARNING: [IP_Flow 19-3685] Ignored loading user repository 'd:/_Code/verilog/interface_lab/PWM_7digit_1.0/PWM_7digit_1.0'. The path is contained within another repository.
INFO: [IP_Flow 19-1700] Loaded user IP repository 'd:/_Code/verilog/interface_lab/PWM_7digit_1.0'.
INFO: [IP_Flow 19-1700] Loaded user IP repository 'd:/_Code/verilog/ip_repo'.
INFO: [IP_Flow 19-2313] Loaded Vivado IP repository 'D:/_Download/vivado/Vivado/2019.2/data/ip'.
WARNING: [IP_Flow 19-1663] Duplicate IP found for 'xilinx.com:user:PWM_7digit_v1_0:1.0'. The one found in IP location 'd:/_Code/verilog/interface_lab/PWM_7digit_1.0/pwm_7digit_2.0' will take precedence over the same IP in location d:/_Code/verilog/ip_repo/pwm_7digit_2.0
WARNING: [BD 41-1661] One or more IPs have been locked in the design 'swerv_soc.bd'. Please run report_ip_status for more details and recommendations on how to fix this issue.
List of locked IPs:
swerv_soc_PWM_w_Int_v1_0_0_0

open_project: Time (s): cpu = 00:00:04 ; elapsed = 00:00:06 . Memory (MB): peak = 842.297 ; gain = 130.984
update_compile_order -fileset sources_1
exit
INFO: [Common 17-206] Exiting Vivado at Thu Nov  9 22:34:34 2023...
