#-----------------------------------------------------------
# Vivado v2019.2 (64-bit)
# SW Build 2708876 on Wed Nov  6 21:40:23 MST 2019
# IP Build 2700528 on Thu Nov  7 00:09:20 MST 2019
# Start of session at: Thu Oct 26 20:09:35 2023
# Process ID: 1632
# Current directory: D:/_Code/verilog/interface_lab/PWM_w_Int_v1_0
# Command line: vivado.exe -gui_launcher_event rodinguilauncherevent2320 D:\_Code\verilog\interface_lab\PWM_w_Int_v1_0\edit_PWM_w_Int_v1_0.xpr
# Log file: D:/_Code/verilog/interface_lab/PWM_w_Int_v1_0/vivado.log
# Journal file: D:/_Code/verilog/interface_lab/PWM_w_Int_v1_0\vivado.jou
#-----------------------------------------------------------
start_gui
open_project D:/_Code/verilog/interface_lab/PWM_w_Int_v1_0/edit_PWM_w_Int_v1_0.xpr
INFO: [Project 1-313] Project file moved from 'D:/_Code/verilog/interface_lab/ip_repo' since last save.
WARNING: [filemgmt 56-99] Vivado Synthesis ignores library specification for Verilog or SystemVerilog files. [D:/_Code/verilog/interface_lab/PWM_w_Int_v1_0/PWM_w_Int_1.0/hdl/PWM_w_Int_v1_0_S00_AXI.v:]
WARNING: [filemgmt 56-99] Vivado Synthesis ignores library specification for Verilog or SystemVerilog files. [D:/_Code/verilog/interface_lab/PWM_w_Int_v1_0/PWM_w_Int_1.0/hdl/PWM_w_Int_v1_0.v:]
Scanning sources...
Finished scanning sources
WARNING: [filemgmt 56-99] Vivado Synthesis ignores library specification for Verilog or SystemVerilog files. [D:/_Code/verilog/interface_lab/ip_repo/PWM_w_Int_1.0/hdl/PWM_w_Int_v1_0_S00_AXI.v:]
WARNING: [filemgmt 56-99] Vivado Synthesis ignores library specification for Verilog or SystemVerilog files. [D:/_Code/verilog/interface_lab/ip_repo/PWM_w_Int_1.0/hdl/PWM_w_Int_v1_0.v:]
INFO: [IP_Flow 19-234] Refreshing IP repositories
INFO: [IP_Flow 19-1700] Loaded user IP repository 'd:/_Code/verilog/interface_lab/PWM_w_Int_v1_0'.
WARNING: [IP_Flow 19-3685] Ignored loading user repository 'd:/_Code/verilog/interface_lab/PWM_w_Int_v1_0/PWM_w_Int_1.0'. The path is contained within another repository.
INFO: [IP_Flow 19-2313] Loaded Vivado IP repository 'D:/_Download/vivado/Vivado/2019.2/data/ip'.
update_compile_order -fileset sources_1
exit
INFO: [Common 17-206] Exiting Vivado at Thu Oct 26 20:13:46 2023...
