
*** Running vivado
    with args -log PWM_w_Int_v1_0.vds -m64 -product Vivado -mode batch -messageDb vivado.pb -notrace -source PWM_w_Int_v1_0.tcl


****** Vivado v2019.2 (64-bit)
  **** SW Build 2708876 on Wed Nov  6 21:40:23 MST 2019
  **** IP Build 2700528 on Thu Nov  7 00:09:20 MST 2019
    ** Copyright 1986-2019 Xilinx, Inc. All Rights Reserved.

source PWM_w_Int_v1_0.tcl -notrace
INFO: [IP_Flow 19-234] Refreshing IP repositories
INFO: [IP_Flow 19-1700] Loaded user IP repository 'd:/_Code/verilog/interface_lab/ip_repo/PWM_w_Int_1.0'.
INFO: [IP_Flow 19-2313] Loaded Vivado IP repository 'D:/_Download/vivado/Vivado/2019.2/data/ip'.
WARNING: [filemgmt 56-99] Vivado Synthesis ignores library specification for Verilog or SystemVerilog files. [d:/_Code/verilog/interface_lab/ip_repo/PWM_w_Int_1.0/hdl/PWM_w_Int_v1_0_S00_AXI.v:]
WARNING: [filemgmt 56-99] Vivado Synthesis ignores library specification for Verilog or SystemVerilog files. [d:/_Code/verilog/interface_lab/ip_repo/PWM_w_Int_1.0/hdl/PWM_w_Int_v1_0.v:]
Command: synth_design -top PWM_w_Int_v1_0 -part xc7a100tcsg324-1
Starting synth_design
Attempting to get a license for feature 'Synthesis' and/or device 'xc7a100t'
INFO: [Common 17-349] Got license for feature 'Synthesis' and/or device 'xc7a100t'
INFO: Launching helper process for spawning children vivado processes
INFO: Helper process launched with PID 1120 
WARNING: [Synth 8-2611] redeclaration of ansi port slv_reg0 is not allowed [d:/_Code/verilog/interface_lab/ip_repo/PWM_w_Int_1.0/hdl/PWM_w_Int_v1_0_S00_AXI.v:107]
WARNING: [Synth 8-976] slv_reg0 has already been declared [d:/_Code/verilog/interface_lab/ip_repo/PWM_w_Int_1.0/hdl/PWM_w_Int_v1_0_S00_AXI.v:107]
WARNING: [Synth 8-2654] second declaration of slv_reg0 ignored [d:/_Code/verilog/interface_lab/ip_repo/PWM_w_Int_1.0/hdl/PWM_w_Int_v1_0_S00_AXI.v:107]
INFO: [Synth 8-994] slv_reg0 is declared here [d:/_Code/verilog/interface_lab/ip_repo/PWM_w_Int_1.0/hdl/PWM_w_Int_v1_0_S00_AXI.v:18]
---------------------------------------------------------------------------------
Starting Synthesize : Time (s): cpu = 00:00:03 ; elapsed = 00:00:03 . Memory (MB): peak = 550.711 ; gain = 248.977
---------------------------------------------------------------------------------
INFO: [Synth 8-6157] synthesizing module 'PWM_w_Int_v1_0' [d:/_Code/verilog/interface_lab/ip_repo/PWM_w_Int_1.0/hdl/PWM_w_Int_v1_0.v:4]
	Parameter PWM_PERIOD bound to: 20 - type: integer 
	Parameter C_S00_AXI_DATA_WIDTH bound to: 32 - type: integer 
	Parameter C_S00_AXI_ADDR_WIDTH bound to: 4 - type: integer 
INFO: [Synth 8-6157] synthesizing module 'PWM_w_Int_v1_0_S00_AXI' [d:/_Code/verilog/interface_lab/ip_repo/PWM_w_Int_1.0/hdl/PWM_w_Int_v1_0_S00_AXI.v:4]
	Parameter C_S_AXI_DATA_WIDTH bound to: 32 - type: integer 
	Parameter C_S_AXI_ADDR_WIDTH bound to: 4 - type: integer 
	Parameter ADDR_LSB bound to: 2 - type: integer 
	Parameter OPT_MEM_ADDR_BITS bound to: 1 - type: integer 
INFO: [Synth 8-226] default block is never used [d:/_Code/verilog/interface_lab/ip_repo/PWM_w_Int_1.0/hdl/PWM_w_Int_v1_0_S00_AXI.v:231]
INFO: [Synth 8-226] default block is never used [d:/_Code/verilog/interface_lab/ip_repo/PWM_w_Int_1.0/hdl/PWM_w_Int_v1_0_S00_AXI.v:372]
INFO: [Synth 8-6155] done synthesizing module 'PWM_w_Int_v1_0_S00_AXI' (1#1) [d:/_Code/verilog/interface_lab/ip_repo/PWM_w_Int_1.0/hdl/PWM_w_Int_v1_0_S00_AXI.v:4]
INFO: [Synth 8-6157] synthesizing module 'PWM_Controller_Int' [D:/_Code/verilog/interface_lab/ip_repo/PWM_Controller_Int.v:23]
	Parameter period bound to: 20 - type: integer 
INFO: [Synth 8-6155] done synthesizing module 'PWM_Controller_Int' (2#1) [D:/_Code/verilog/interface_lab/ip_repo/PWM_Controller_Int.v:23]
INFO: [Synth 8-6155] done synthesizing module 'PWM_w_Int_v1_0' (3#1) [d:/_Code/verilog/interface_lab/ip_repo/PWM_w_Int_1.0/hdl/PWM_w_Int_v1_0.v:4]
WARNING: [Synth 8-3331] design PWM_w_Int_v1_0_S00_AXI has unconnected port S_AXI_AWPROT[2]
WARNING: [Synth 8-3331] design PWM_w_Int_v1_0_S00_AXI has unconnected port S_AXI_AWPROT[1]
WARNING: [Synth 8-3331] design PWM_w_Int_v1_0_S00_AXI has unconnected port S_AXI_AWPROT[0]
WARNING: [Synth 8-3331] design PWM_w_Int_v1_0_S00_AXI has unconnected port S_AXI_ARPROT[2]
WARNING: [Synth 8-3331] design PWM_w_Int_v1_0_S00_AXI has unconnected port S_AXI_ARPROT[1]
WARNING: [Synth 8-3331] design PWM_w_Int_v1_0_S00_AXI has unconnected port S_AXI_ARPROT[0]
---------------------------------------------------------------------------------
Finished Synthesize : Time (s): cpu = 00:00:03 ; elapsed = 00:00:03 . Memory (MB): peak = 598.621 ; gain = 296.887
---------------------------------------------------------------------------------
---------------------------------------------------------------------------------
Finished Constraint Validation : Time (s): cpu = 00:00:04 ; elapsed = 00:00:04 . Memory (MB): peak = 598.621 ; gain = 296.887
---------------------------------------------------------------------------------
---------------------------------------------------------------------------------
Start Loading Part and Timing Information
---------------------------------------------------------------------------------
Loading part: xc7a100tcsg324-1
---------------------------------------------------------------------------------
Finished Loading Part and Timing Information : Time (s): cpu = 00:00:04 ; elapsed = 00:00:04 . Memory (MB): peak = 598.621 ; gain = 296.887
---------------------------------------------------------------------------------
INFO: [Device 21-403] Loading part xc7a100tcsg324-1
---------------------------------------------------------------------------------
Finished RTL Optimization Phase 2 : Time (s): cpu = 00:00:04 ; elapsed = 00:00:04 . Memory (MB): peak = 598.621 ; gain = 296.887
---------------------------------------------------------------------------------

Report RTL Partitions: 
+-+--------------+------------+----------+
| |RTL Partition |Replication |Instances |
+-+--------------+------------+----------+
+-+--------------+------------+----------+
No constraint files found.
---------------------------------------------------------------------------------
Start RTL Component Statistics 
---------------------------------------------------------------------------------
Detailed RTL Component Info : 
+---Registers : 
	               32 Bit    Registers := 5     
	                4 Bit    Registers := 2     
	                2 Bit    Registers := 3     
	                1 Bit    Registers := 7     
+---Muxes : 
	   2 Input     32 Bit        Muxes := 4     
	   4 Input     32 Bit        Muxes := 5     
	   2 Input      1 Bit        Muxes := 5     
---------------------------------------------------------------------------------
Finished RTL Component Statistics 
---------------------------------------------------------------------------------
---------------------------------------------------------------------------------
Start RTL Hierarchical Component Statistics 
---------------------------------------------------------------------------------
Hierarchical RTL Component report 
Module PWM_w_Int_v1_0_S00_AXI 
Detailed RTL Component Info : 
+---Registers : 
	               32 Bit    Registers := 5     
	                4 Bit    Registers := 2     
	                2 Bit    Registers := 2     
	                1 Bit    Registers := 6     
+---Muxes : 
	   2 Input     32 Bit        Muxes := 4     
	   4 Input     32 Bit        Muxes := 5     
	   2 Input      1 Bit        Muxes := 5     
Module PWM_Controller_Int 
Detailed RTL Component Info : 
+---Registers : 
	                2 Bit    Registers := 1     
	                1 Bit    Registers := 1     
---------------------------------------------------------------------------------
Finished RTL Hierarchical Component Statistics
---------------------------------------------------------------------------------
---------------------------------------------------------------------------------
Start Part Resource Summary
---------------------------------------------------------------------------------
Part Resources:
DSPs: 240 (col length:80)
BRAMs: 270 (col length: RAMB18 80 RAMB36 40)
---------------------------------------------------------------------------------
Finished Part Resource Summary
---------------------------------------------------------------------------------
No constraint files found.
---------------------------------------------------------------------------------
Start Cross Boundary and Area Optimization
---------------------------------------------------------------------------------
Warning: Parallel synthesis criteria is not met 
WARNING: [Synth 8-3331] design PWM_w_Int_v1_0 has unconnected port s00_axi_awprot[2]
WARNING: [Synth 8-3331] design PWM_w_Int_v1_0 has unconnected port s00_axi_awprot[1]
WARNING: [Synth 8-3331] design PWM_w_Int_v1_0 has unconnected port s00_axi_awprot[0]
WARNING: [Synth 8-3331] design PWM_w_Int_v1_0 has unconnected port s00_axi_arprot[2]
WARNING: [Synth 8-3331] design PWM_w_Int_v1_0 has unconnected port s00_axi_arprot[1]
WARNING: [Synth 8-3331] design PWM_w_Int_v1_0 has unconnected port s00_axi_arprot[0]
INFO: [Synth 8-3886] merging instance 'PWM_w_Int_v1_0_S00_AXI_inst/axi_rresp_reg[0]' (FDRE) to 'PWM_w_Int_v1_0_S00_AXI_inst/axi_rresp_reg[1]'
INFO: [Synth 8-3333] propagating constant 0 across sequential element (\PWM_w_Int_v1_0_S00_AXI_inst/axi_rresp_reg[1] )
INFO: [Synth 8-3886] merging instance 'PWM_w_Int_v1_0_S00_AXI_inst/axi_bresp_reg[0]' (FDRE) to 'PWM_w_Int_v1_0_S00_AXI_inst/axi_bresp_reg[1]'
INFO: [Synth 8-3333] propagating constant 0 across sequential element (\PWM_w_Int_v1_0_S00_AXI_inst/axi_bresp_reg[1] )
---------------------------------------------------------------------------------
Finished Cross Boundary and Area Optimization : Time (s): cpu = 00:00:06 ; elapsed = 00:00:07 . Memory (MB): peak = 783.879 ; gain = 482.145
---------------------------------------------------------------------------------

Report RTL Partitions: 
+-+--------------+------------+----------+
| |RTL Partition |Replication |Instances |
+-+--------------+------------+----------+
+-+--------------+------------+----------+
No constraint files found.
---------------------------------------------------------------------------------
Start Timing Optimization
---------------------------------------------------------------------------------
---------------------------------------------------------------------------------
Finished Timing Optimization : Time (s): cpu = 00:00:06 ; elapsed = 00:00:07 . Memory (MB): peak = 788.965 ; gain = 487.230
---------------------------------------------------------------------------------

Report RTL Partitions: 
+-+--------------+------------+----------+
| |RTL Partition |Replication |Instances |
+-+--------------+------------+----------+
+-+--------------+------------+----------+
---------------------------------------------------------------------------------
Start Technology Mapping
---------------------------------------------------------------------------------
---------------------------------------------------------------------------------
Finished Technology Mapping : Time (s): cpu = 00:00:06 ; elapsed = 00:00:07 . Memory (MB): peak = 788.965 ; gain = 487.230
---------------------------------------------------------------------------------

Report RTL Partitions: 
+-+--------------+------------+----------+
| |RTL Partition |Replication |Instances |
+-+--------------+------------+----------+
+-+--------------+------------+----------+
---------------------------------------------------------------------------------
Start IO Insertion
---------------------------------------------------------------------------------
---------------------------------------------------------------------------------
Start Flattening Before IO Insertion
---------------------------------------------------------------------------------
---------------------------------------------------------------------------------
Finished Flattening Before IO Insertion
---------------------------------------------------------------------------------
---------------------------------------------------------------------------------
Start Final Netlist Cleanup
---------------------------------------------------------------------------------
---------------------------------------------------------------------------------
Finished Final Netlist Cleanup
---------------------------------------------------------------------------------
---------------------------------------------------------------------------------
Finished IO Insertion : Time (s): cpu = 00:00:09 ; elapsed = 00:00:09 . Memory (MB): peak = 789.992 ; gain = 488.258
---------------------------------------------------------------------------------
---------------------------------------------------------------------------------
Start Renaming Generated Instances
---------------------------------------------------------------------------------
---------------------------------------------------------------------------------
Finished Renaming Generated Instances : Time (s): cpu = 00:00:09 ; elapsed = 00:00:09 . Memory (MB): peak = 789.992 ; gain = 488.258
---------------------------------------------------------------------------------

Report RTL Partitions: 
+-+--------------+------------+----------+
| |RTL Partition |Replication |Instances |
+-+--------------+------------+----------+
+-+--------------+------------+----------+

Report Check Netlist: 
+------+------------------+-------+---------+-------+------------------+
|      |Item              |Errors |Warnings |Status |Description       |
+------+------------------+-------+---------+-------+------------------+
|1     |multi_driven_nets |      0|        0|Passed |Multi driven nets |
+------+------------------+-------+---------+-------+------------------+
---------------------------------------------------------------------------------
Start Rebuilding User Hierarchy
---------------------------------------------------------------------------------
---------------------------------------------------------------------------------
Finished Rebuilding User Hierarchy : Time (s): cpu = 00:00:09 ; elapsed = 00:00:09 . Memory (MB): peak = 789.992 ; gain = 488.258
---------------------------------------------------------------------------------
---------------------------------------------------------------------------------
Start Renaming Generated Ports
---------------------------------------------------------------------------------
---------------------------------------------------------------------------------
Finished Renaming Generated Ports : Time (s): cpu = 00:00:09 ; elapsed = 00:00:09 . Memory (MB): peak = 789.992 ; gain = 488.258
---------------------------------------------------------------------------------
---------------------------------------------------------------------------------
Start Handling Custom Attributes
---------------------------------------------------------------------------------
---------------------------------------------------------------------------------
Finished Handling Custom Attributes : Time (s): cpu = 00:00:09 ; elapsed = 00:00:09 . Memory (MB): peak = 789.992 ; gain = 488.258
---------------------------------------------------------------------------------
---------------------------------------------------------------------------------
Start Renaming Generated Nets
---------------------------------------------------------------------------------
---------------------------------------------------------------------------------
Finished Renaming Generated Nets : Time (s): cpu = 00:00:09 ; elapsed = 00:00:09 . Memory (MB): peak = 789.992 ; gain = 488.258
---------------------------------------------------------------------------------
---------------------------------------------------------------------------------
Start Writing Synthesis Report
---------------------------------------------------------------------------------

Report BlackBoxes: 
+-+--------------+----------+
| |BlackBox name |Instances |
+-+--------------+----------+
+-+--------------+----------+

Report Cell Usage: 
+------+-------+------+
|      |Cell   |Count |
+------+-------+------+
|1     |BUFG   |     1|
|2     |CARRY4 |     9|
|3     |LUT1   |     2|
|4     |LUT2   |    16|
|5     |LUT3   |     2|
|6     |LUT4   |    42|
|7     |LUT6   |    38|
|8     |FDRE   |   192|
|9     |FDSE   |     1|
|10    |IBUF   |    47|
|11    |OBUF   |    96|
+------+-------+------+

Report Instance Areas: 
+------+------------------------------+-----------------------+------+
|      |Instance                      |Module                 |Cells |
+------+------------------------------+-----------------------+------+
|1     |top                           |                       |   446|
|2     |  PWM_inst                    |PWM_Controller_Int     |    40|
|3     |  PWM_w_Int_v1_0_S00_AXI_inst |PWM_w_Int_v1_0_S00_AXI |   262|
+------+------------------------------+-----------------------+------+
---------------------------------------------------------------------------------
Finished Writing Synthesis Report : Time (s): cpu = 00:00:09 ; elapsed = 00:00:09 . Memory (MB): peak = 789.992 ; gain = 488.258
---------------------------------------------------------------------------------
Synthesis finished with 0 errors, 0 critical warnings and 15 warnings.
Synthesis Optimization Runtime : Time (s): cpu = 00:00:09 ; elapsed = 00:00:09 . Memory (MB): peak = 789.992 ; gain = 488.258
Synthesis Optimization Complete : Time (s): cpu = 00:00:09 ; elapsed = 00:00:09 . Memory (MB): peak = 789.992 ; gain = 488.258
INFO: [Project 1-571] Translating synthesized netlist
Netlist sorting complete. Time (s): cpu = 00:00:00 ; elapsed = 00:00:00.005 . Memory (MB): peak = 802.047 ; gain = 0.000
INFO: [Netlist 29-17] Analyzing 9 Unisim elements for replacement
INFO: [Netlist 29-28] Unisim Transformation completed in 0 CPU seconds
INFO: [Project 1-570] Preparing netlist for logic optimization
INFO: [Opt 31-138] Pushed 0 inverter(s) to 0 load pin(s).
Netlist sorting complete. Time (s): cpu = 00:00:00 ; elapsed = 00:00:00 . Memory (MB): peak = 897.898 ; gain = 0.000
INFO: [Project 1-111] Unisim Transformation Summary:
No Unisim elements were transformed.

INFO: [Common 17-83] Releasing license: Synthesis
25 Infos, 17 Warnings, 0 Critical Warnings and 0 Errors encountered.
synth_design completed successfully
synth_design: Time (s): cpu = 00:00:11 ; elapsed = 00:00:12 . Memory (MB): peak = 897.898 ; gain = 598.199
Netlist sorting complete. Time (s): cpu = 00:00:00 ; elapsed = 00:00:00 . Memory (MB): peak = 897.898 ; gain = 0.000
WARNING: [Constraints 18-5210] No constraints selected for write.
Resolution: This message can indicate that there are no constraints for the design, or it can indicate that the used_in flags are set such that the constraints are ignored. This later case is used when running synth_design to not write synthesis constraints to the resulting checkpoint. Instead, project constraints are read when the synthesized design is opened.
INFO: [Common 17-1381] The checkpoint 'd:/_Code/verilog/interface_lab/ip_repo/edit_PWM_w_Int_v1_0.runs/synth_1/PWM_w_Int_v1_0.dcp' has been generated.
INFO: [runtcl-4] Executing : report_utilization -file PWM_w_Int_v1_0_utilization_synth.rpt -pb PWM_w_Int_v1_0_utilization_synth.pb
INFO: [Common 17-206] Exiting Vivado at Thu Oct 19 19:42:20 2023...
