#-----------------------------------------------------------
# Vivado v2019.2 (64-bit)
# SW Build 2708876 on Wed Nov  6 21:40:23 MST 2019
# IP Build 2700528 on Thu Nov  7 00:09:20 MST 2019
# Start of session at: Thu Nov  2 20:44:53 2023
# Process ID: 3676
# Current directory: D:/_Code/verilog/interface_lab/RVfpga_SoC_lab4_uart
# Command line: vivado.exe -gui_launcher_event rodinguilauncherevent6356 D:\_Code\verilog\interface_lab\RVfpga_SoC_lab4_uart\RVfpga_SoC.xpr
# Log file: D:/_Code/verilog/interface_lab/RVfpga_SoC_lab4_uart/vivado.log
# Journal file: D:/_Code/verilog/interface_lab/RVfpga_SoC_lab4_uart\vivado.jou
#-----------------------------------------------------------
start_gui
open_project D:/_Code/verilog/interface_lab/RVfpga_SoC_lab4_uart/RVfpga_SoC.xpr
INFO: [Project 1-313] Project file moved from 'D:/_Code/verilog/interface_lab/RVfpga_SoC_uart' since last save.
Scanning sources...
Finished scanning sources
INFO: [IP_Flow 19-234] Refreshing IP repositories
INFO: [IP_Flow 19-1700] Loaded user IP repository 'd:/_Code/verilog/ip_repo'.
INFO: [IP_Flow 19-2313] Loaded Vivado IP repository 'D:/_Download/vivado/Vivado/2019.2/data/ip'.
open_project: Time (s): cpu = 00:00:03 ; elapsed = 00:00:05 . Memory (MB): peak = 852.012 ; gain = 154.152
open_bd_design {D:/_Code/verilog/interface_lab/RVfpga_SoC_lab4_uart/RVfpga_SoC.srcs/sources_1/bd/swerv_soc/swerv_soc.bd}
Adding component instance block -- xilinx.com:user:axi2wb_intcon_wrapper:1.0 - axi2wb_intcon_wrapper_0
Adding component instance block -- xilinx.com:user:wb_gpio_wrapper:1.0 - wb_gpio_wrapper_0
Adding component instance block -- xilinx.com:module_ref:bootrom_wrapper:1.0 - bootrom_wrapper_0
Adding component instance block -- xilinx.com:module_ref:syscon_wrapper:1.0 - syscon_wrapper_0
Adding component instance block -- xilinx.com:user:swerv_wrapper_verilog:1.0 - swerv_wrapper_verilog_0
Adding component instance block -- xilinx.com:ip:axi_gpio:2.0 - axi_gpio_0
Adding component instance block -- xilinx.com:ip:axi_interconnect:2.1 - axi_interconnect_0
Adding component instance block -- xilinx.com:ip:axi_crossbar:2.1 - xbar
Adding component instance block -- xilinx.com:ip:axi_dwidth_converter:2.1 - auto_ds
Adding component instance block -- xilinx.com:ip:axi_protocol_converter:2.1 - auto_pc
Adding component instance block -- xilinx.com:ip:axi_uart16550:2.0 - axi_uart16550_0
Adding component instance block -- xilinx.com:ip:xlconstant:1.1 - xlconstant_0
WARNING: [BD 41-1731] Type mismatch between connected pins: /syscon_wrapper_0/o_timer_irq(intr) and /swerv_wrapper_verilog_0/timer_int(undef)
WARNING: [BD 41-1731] Type mismatch between connected pins: /wb_gpio_wrapper_0/wb_inta_o(undef) and /syscon_wrapper_0/gpio_irq(intr)
WARNING: [BD 41-1731] Type mismatch between connected pins: /clk_0(clk) and /wb_gpio_wrapper_0/wb_clk_i(undef)
WARNING: [BD 41-1731] Type mismatch between connected pins: /rst_0(rst) and /wb_gpio_wrapper_0/wb_rst_i(undef)
Successfully read diagram <swerv_soc> from BD file <D:/_Code/verilog/interface_lab/RVfpga_SoC_lab4_uart/RVfpga_SoC.srcs/sources_1/bd/swerv_soc/swerv_soc.bd>
open_bd_design: Time (s): cpu = 00:00:04 ; elapsed = 00:00:08 . Memory (MB): peak = 1665.520 ; gain = 75.430
update_compile_order -fileset sources_1
exit
INFO: [Common 17-206] Exiting Vivado at Thu Nov  2 21:00:18 2023...
