#-----------------------------------------------------------
# Vivado v2019.2 (64-bit)
# SW Build 2708876 on Wed Nov  6 21:40:23 MST 2019
# IP Build 2700528 on Thu Nov  7 00:09:20 MST 2019
# Start of session at: Thu Nov  9 22:21:09 2023
# Process ID: 15932
# Current directory: D:/_Code/verilog/interface_lab/RVfpga_SoC_lab5_7digit
# Command line: vivado.exe -gui_launcher_event rodinguilauncherevent19664 D:\_Code\verilog\interface_lab\RVfpga_SoC_lab5_7digit\RVfpga_SoC.xpr
# Log file: D:/_Code/verilog/interface_lab/RVfpga_SoC_lab5_7digit/vivado.log
# Journal file: D:/_Code/verilog/interface_lab/RVfpga_SoC_lab5_7digit\vivado.jou
#-----------------------------------------------------------
start_gui
open_project D:/_Code/verilog/interface_lab/RVfpga_SoC_lab5_7digit/RVfpga_SoC.xpr
Scanning sources...
Finished scanning sources
WARNING: [filemgmt 56-3] IP Repository Path: Could not find the directory 'D:/_Code/verilog/interface_lab/PWM_7digit_1.0/PWM_7digit_1.0'.
INFO: [IP_Flow 19-234] Refreshing IP repositories
WARNING: [IP_Flow 19-3685] Ignored loading user repository 'd:/_Code/verilog/interface_lab/PWM_7digit_1.0/PWM_7digit_1.0'. The path is contained within another repository.
INFO: [IP_Flow 19-1700] Loaded user IP repository 'd:/_Code/verilog/interface_lab/PWM_7digit_1.0'.
INFO: [IP_Flow 19-1700] Loaded user IP repository 'd:/_Code/verilog/ip_repo'.
INFO: [IP_Flow 19-2313] Loaded Vivado IP repository 'D:/_Download/vivado/Vivado/2019.2/data/ip'.
WARNING: [IP_Flow 19-1663] Duplicate IP found for 'xilinx.com:user:PWM_7digit_v1_0:1.0'. The one found in IP location 'd:/_Code/verilog/interface_lab/PWM_7digit_1.0/pwm_7digit_2.0' will take precedence over the same IP in location d:/_Code/verilog/ip_repo/pwm_7digit_2.0
open_project: Time (s): cpu = 00:00:04 ; elapsed = 00:00:06 . Memory (MB): peak = 844.035 ; gain = 116.602
open_bd_design {D:/_Code/verilog/interface_lab/RVfpga_SoC_lab5_7digit/RVfpga_SoC.srcs/sources_1/bd/swerv_soc/swerv_soc.bd}
Adding component instance block -- xilinx.com:user:axi2wb_intcon_wrapper:1.0 - axi2wb_intcon_wrapper_0
Adding component instance block -- xilinx.com:user:wb_gpio_wrapper:1.0 - wb_gpio_wrapper_0
Adding component instance block -- xilinx.com:module_ref:bootrom_wrapper:1.0 - bootrom_wrapper_0
Adding component instance block -- xilinx.com:module_ref:syscon_wrapper:1.0 - syscon_wrapper_0
Adding component instance block -- xilinx.com:user:swerv_wrapper_verilog:1.0 - swerv_wrapper_verilog_0
Adding component instance block -- xilinx.com:module_ref:wb_uart_wrapper:1.0 - wb_uart_wrapper_0
Adding component instance block -- xilinx.com:ip:axi_interconnect:2.1 - axi_interconnect_0
Adding component instance block -- xilinx.com:ip:axi_crossbar:2.1 - xbar
Adding component instance block -- xilinx.com:ip:axi_dwidth_converter:2.1 - auto_ds
Adding component instance block -- xilinx.com:ip:axi_protocol_converter:2.1 - auto_pc
Adding component instance block -- xilinx.com:ip:axi_gpio:2.0 - axi_gpio_0
Adding component instance block -- xilinx.com:user:PWM_7digit_v1_0:1.0 - PWM_7digit_v1_0_0
WARNING: [BD 41-1731] Type mismatch between connected pins: /syscon_wrapper_0/o_timer_irq(intr) and /swerv_wrapper_verilog_0/timer_int(undef)
WARNING: [BD 41-1731] Type mismatch between connected pins: /wb_gpio_wrapper_0/wb_inta_o(undef) and /syscon_wrapper_0/gpio_irq(intr)
WARNING: [BD 41-1731] Type mismatch between connected pins: /clk_0(clk) and /wb_gpio_wrapper_0/wb_clk_i(undef)
WARNING: [BD 41-1731] Type mismatch between connected pins: /clk_0(clk) and /wb_uart_wrapper_0/wb_clk_i(undef)
WARNING: [BD 41-1731] Type mismatch between connected pins: /rst_0(rst) and /wb_gpio_wrapper_0/wb_rst_i(undef)
WARNING: [BD 41-1731] Type mismatch between connected pins: /rst_0(rst) and /wb_uart_wrapper_0/wb_rst_i(undef)
Successfully read diagram <swerv_soc> from BD file <D:/_Code/verilog/interface_lab/RVfpga_SoC_lab5_7digit/RVfpga_SoC.srcs/sources_1/bd/swerv_soc/swerv_soc.bd>
open_bd_design: Time (s): cpu = 00:00:05 ; elapsed = 00:00:11 . Memory (MB): peak = 1609.449 ; gain = 90.043
update_compile_order -fileset sources_1
update_module_reference swerv_soc_syscon_wrapper_0_0
INFO: [IP_Flow 19-5107] Inferred bus interface 'i_rst' of definition 'xilinx.com:signal:reset:1.0' (from Xilinx Repository).
INFO: [IP_Flow 19-5107] Inferred bus interface 'i_clk' of definition 'xilinx.com:signal:clock:1.0' (from Xilinx Repository).
INFO: [IP_Flow 19-5107] Inferred bus interface 'gpio_irq' of definition 'xilinx.com:signal:interrupt:1.0' (from Xilinx Repository).
INFO: [IP_Flow 19-5107] Inferred bus interface 'o_timer_irq' of definition 'xilinx.com:signal:interrupt:1.0' (from Xilinx Repository).
INFO: [IP_Flow 19-5107] Inferred bus interface 'ptc_irq' of definition 'xilinx.com:signal:interrupt:1.0' (from Xilinx Repository).
INFO: [IP_Flow 19-4728] Bus Interface 'gpio_irq': Added interface parameter 'SENSITIVITY' with value 'LEVEL_HIGH'.
INFO: [IP_Flow 19-4728] Bus Interface 'o_timer_irq': Added interface parameter 'SENSITIVITY' with value 'LEVEL_HIGH'.
INFO: [IP_Flow 19-4728] Bus Interface 'ptc_irq': Added interface parameter 'SENSITIVITY' with value 'LEVEL_HIGH'.
INFO: [IP_Flow 19-4728] Bus Interface 'i_clk': Added interface parameter 'ASSOCIATED_RESET' with value 'i_rst'.
WARNING: [IP_Flow 19-3153] Bus Interface 'i_clk': ASSOCIATED_BUSIF bus parameter is missing.
INFO: [IP_Flow 19-234] Refreshing IP repositories
WARNING: [IP_Flow 19-3685] Ignored loading user repository 'd:/_Code/verilog/interface_lab/PWM_7digit_1.0/PWM_7digit_1.0'. The path is contained within another repository.
INFO: [IP_Flow 19-1700] Loaded user IP repository 'd:/_Code/verilog/interface_lab/PWM_7digit_1.0'.
INFO: [IP_Flow 19-1700] Loaded user IP repository 'd:/_Code/verilog/ip_repo'.
WARNING: [IP_Flow 19-1663] Duplicate IP found for 'xilinx.com:user:PWM_7digit_v1_0:1.0'. The one found in IP location 'd:/_Code/verilog/interface_lab/PWM_7digit_1.0/pwm_7digit_2.0' will take precedence over the same IP in location d:/_Code/verilog/ip_repo/pwm_7digit_2.0
Upgrading 'D:/_Code/verilog/interface_lab/RVfpga_SoC_lab5_7digit/RVfpga_SoC.srcs/sources_1/bd/swerv_soc/swerv_soc.bd'
INFO: [IP_Flow 19-1972] Upgraded swerv_soc_syscon_wrapper_0_0 from syscon_wrapper_v1_0 1.0 to syscon_wrapper_v1_0 1.0
WARNING: [IP_Flow 19-4698] Upgrade has added port 'o_sw_irq3'
WARNING: [IP_Flow 19-4698] Upgrade has added port 'o_sw_irq4'
WARNING: [IP_Flow 19-3298] Detected external port differences while upgrading 'swerv_soc_syscon_wrapper_0_0'. These changes may impact your design.
WARNING: [BD 41-1731] Type mismatch between connected pins: /wb_gpio_wrapper_0/wb_inta_o(undef) and /syscon_wrapper_0_upgraded_ipi/gpio_irq(intr)
WARNING: [BD 41-1731] Type mismatch between connected pins: /swerv_wrapper_verilog_0/timer_int(undef) and /syscon_wrapper_0_upgraded_ipi/o_timer_irq(intr)
CRITICAL WARNING: [Coretcl 2-1280] The upgrade of 'swerv_soc_syscon_wrapper_0_0' has identified issues that may require user intervention. Please verify that the instance is correctly configured, and review any upgrade messages.
Wrote  : <D:\_Code\verilog\interface_lab\RVfpga_SoC_lab5_7digit\RVfpga_SoC.srcs\sources_1\bd\swerv_soc\swerv_soc.bd> 
Wrote  : <D:/_Code/verilog/interface_lab/RVfpga_SoC_lab5_7digit/RVfpga_SoC.srcs/sources_1/bd/swerv_soc/ui/bd_3fd5fa6d.ui> 
exit
INFO: [Common 17-206] Exiting Vivado at Thu Nov  9 22:22:20 2023...
