#-----------------------------------------------------------
# Vivado v2019.2 (64-bit)
# SW Build 2708876 on Wed Nov  6 21:40:23 MST 2019
# IP Build 2700528 on Thu Nov  7 00:09:20 MST 2019
# Start of session at: Fri Nov  3 08:08:57 2023
# Process ID: 11228
# Current directory: D:/_Code/verilog/interface_lab/RVfpga_SoC_lab5_7digit
# Command line: vivado.exe -gui_launcher_event rodinguilauncherevent12392 D:\_Code\verilog\interface_lab\RVfpga_SoC_lab5_7digit\RVfpga_SoC.xpr
# Log file: D:/_Code/verilog/interface_lab/RVfpga_SoC_lab5_7digit/vivado.log
# Journal file: D:/_Code/verilog/interface_lab/RVfpga_SoC_lab5_7digit\vivado.jou
#-----------------------------------------------------------
start_gui
open_project D:/_Code/verilog/interface_lab/RVfpga_SoC_lab5_7digit/RVfpga_SoC.xpr
INFO: [Project 1-313] Project file moved from 'D:/_Code/verilog/interface_lab/RVfpga_SoC_lab4' since last save.
Scanning sources...
Finished scanning sources
INFO: [IP_Flow 19-234] Refreshing IP repositories
WARNING: [IP_Flow 19-3685] Ignored loading user repository 'd:/_Code/verilog/interface_lab/PWM_7digit_1.0/PWM_7digit_1.0'. The path is contained within another repository.
INFO: [IP_Flow 19-1700] Loaded user IP repository 'd:/_Code/verilog/interface_lab/PWM_7digit_1.0'.
INFO: [IP_Flow 19-1700] Loaded user IP repository 'd:/_Code/verilog/ip_repo'.
INFO: [IP_Flow 19-2313] Loaded Vivado IP repository 'D:/_Download/vivado/Vivado/2019.2/data/ip'.
WARNING: [IP_Flow 19-1663] Duplicate IP found for 'xilinx.com:user:PWM_7digit_v1_0:1.0'. The one found in IP location 'd:/_Code/verilog/interface_lab/PWM_7digit_1.0/PWM_7digit_1.0' will take precedence over the same IP in locations: 
   d:/_Code/verilog/interface_lab/PWM_7digit_1.0/pwm_7digit_2.0
   d:/_Code/verilog/ip_repo/pwm_7digit_2.0
open_project: Time (s): cpu = 00:00:04 ; elapsed = 00:00:06 . Memory (MB): peak = 823.402 ; gain = 136.805
open_bd_design {D:/_Code/verilog/interface_lab/RVfpga_SoC_lab5_7digit/RVfpga_SoC.srcs/sources_1/bd/swerv_soc/swerv_soc.bd}
Adding component instance block -- xilinx.com:user:axi2wb_intcon_wrapper:1.0 - axi2wb_intcon_wrapper_0
Adding component instance block -- xilinx.com:user:wb_gpio_wrapper:1.0 - wb_gpio_wrapper_0
Adding component instance block -- xilinx.com:module_ref:bootrom_wrapper:1.0 - bootrom_wrapper_0
Adding component instance block -- xilinx.com:module_ref:syscon_wrapper:1.0 - syscon_wrapper_0
Adding component instance block -- xilinx.com:user:swerv_wrapper_verilog:1.0 - swerv_wrapper_verilog_0
Adding component instance block -- xilinx.com:module_ref:wb_uart_wrapper:1.0 - wb_uart_wrapper_0
Adding component instance block -- xilinx.com:ip:axi_interconnect:2.1 - axi_interconnect_0
Adding component instance block -- xilinx.com:ip:axi_crossbar:2.1 - xbar
WARNING: [BD 41-1731] Type mismatch between connected pins: /syscon_wrapper_0/o_timer_irq(intr) and /swerv_wrapper_verilog_0/timer_int(undef)
WARNING: [BD 41-1731] Type mismatch between connected pins: /wb_gpio_wrapper_0/wb_inta_o(undef) and /syscon_wrapper_0/gpio_irq(intr)
WARNING: [BD 41-1731] Type mismatch between connected pins: /clk_0(clk) and /wb_gpio_wrapper_0/wb_clk_i(undef)
WARNING: [BD 41-1731] Type mismatch between connected pins: /clk_0(clk) and /wb_uart_wrapper_0/wb_clk_i(undef)
WARNING: [BD 41-1731] Type mismatch between connected pins: /rst_0(rst) and /wb_gpio_wrapper_0/wb_rst_i(undef)
WARNING: [BD 41-1731] Type mismatch between connected pins: /rst_0(rst) and /wb_uart_wrapper_0/wb_rst_i(undef)
Successfully read diagram <swerv_soc> from BD file <D:/_Code/verilog/interface_lab/RVfpga_SoC_lab5_7digit/RVfpga_SoC.srcs/sources_1/bd/swerv_soc/swerv_soc.bd>
open_bd_design: Time (s): cpu = 00:00:04 ; elapsed = 00:00:07 . Memory (MB): peak = 1357.938 ; gain = 60.594
update_compile_order -fileset sources_1
connect_bd_net [get_bd_ports clk_0] [get_bd_pins axi_interconnect_0/ACLK]
connect_bd_net [get_bd_ports clk_0] [get_bd_pins axi_interconnect_0/S00_ACLK]
connect_bd_net [get_bd_ports clk_0] [get_bd_pins axi_interconnect_0/M00_ACLK]
connect_bd_net [get_bd_ports clk_0] [get_bd_pins axi_interconnect_0/M01_ACLK]
connect_bd_net [get_bd_ports rst_0] [get_bd_pins axi_interconnect_0/ARESETN]
connect_bd_net [get_bd_ports rst_0] [get_bd_pins axi_interconnect_0/S00_ARESETN]
connect_bd_net [get_bd_ports rst_0] [get_bd_pins axi_interconnect_0/M00_ARESETN]
connect_bd_net [get_bd_ports rst_0] [get_bd_pins axi_interconnect_0/M01_ARESETN]
startgroup
create_bd_cell -type ip -vlnv xilinx.com:ip:axi_gpio:2.0 axi_gpio_0
endgroup
set_property location {4 1613 -384} [get_bd_cells axi_gpio_0]
set_property location {4 1573 -386} [get_bd_cells axi_gpio_0]
connect_bd_intf_net -boundary_type upper [get_bd_intf_pins axi_interconnect_0/M00_AXI] [get_bd_intf_pins axi_gpio_0/S_AXI]
connect_bd_net [get_bd_ports clk_0] [get_bd_pins axi_gpio_0/s_axi_aclk]
connect_bd_net [get_bd_ports rst_0] [get_bd_pins axi_gpio_0/s_axi_aresetn]
startgroup
make_bd_pins_external  [get_bd_pins axi_gpio_0/gpio_io_i]
WARNING: [BD 41-1306] The connection to interface pin /axi_gpio_0/gpio_io_i is being overridden by the user. This pin will not be connected as a part of interface connection GPIO
endgroup
delete_bd_objs [get_bd_intf_nets axi_interconnect_0_M00_AXI] [get_bd_nets gpio_io_i_0_1] [get_bd_cells axi_gpio_0]
startgroup
create_bd_cell -type ip -vlnv xilinx.com:ip:axi_gpio:2.0 axi_gpio_0
endgroup
set_property -dict [list CONFIG.C_GPIO_WIDTH {16} CONFIG.C_GPIO2_WIDTH {16} CONFIG.C_IS_DUAL {1} CONFIG.C_ALL_INPUTS {0} CONFIG.C_ALL_INPUTS_2 {1} CONFIG.C_ALL_OUTPUTS {1} CONFIG.C_ALL_OUTPUTS_2 {0}] [get_bd_cells axi_gpio_0]
connect_bd_intf_net -boundary_type upper [get_bd_intf_pins axi_interconnect_0/M00_AXI] [get_bd_intf_pins axi_gpio_0/S_AXI]
connect_bd_net [get_bd_ports clk_0] [get_bd_pins axi_gpio_0/s_axi_aclk]
connect_bd_net [get_bd_ports rst_0] [get_bd_pins axi_gpio_0/s_axi_aresetn]
set_property location {4 1464 -405} [get_bd_cells axi_gpio_0]
set_property location {4 1468 -387} [get_bd_cells axi_gpio_0]
startgroup
make_bd_pins_external  [get_bd_pins axi_gpio_0/gpio_io_o]
WARNING: [BD 41-1306] The connection to interface pin /axi_gpio_0/gpio_io_o is being overridden by the user. This pin will not be connected as a part of interface connection GPIO
endgroup
startgroup
make_bd_pins_external  [get_bd_pins axi_gpio_0/gpio2_io_i]
WARNING: [BD 41-1306] The connection to interface pin /axi_gpio_0/gpio2_io_i is being overridden by the user. This pin will not be connected as a part of interface connection GPIO2
endgroup
set_property location {2423 -198} [get_bd_ports o_led]
set_property location {2421 -280} [get_bd_ports o_led]
delete_bd_objs [get_bd_nets axi_gpio_0_gpio_io_o] [get_bd_ports gpio_io_o_0]
set_property location {2407 -364} [get_bd_ports o_led]
startgroup
make_bd_pins_external  [get_bd_pins axi_gpio_0/gpio_io_o]
WARNING: [BD 41-1306] The connection to interface pin /axi_gpio_0/gpio_io_o is being overridden by the user. This pin will not be connected as a part of interface connection GPIO
endgroup
delete_bd_objs [get_bd_ports o_led]
set_property name o_led [get_bd_ports gpio_io_o_0]
delete_bd_objs [get_bd_ports i_sw]
set_property name i_sw [get_bd_intf_ports ram]
delete_bd_objs [get_bd_intf_nets axi2wb_intcon_wrapper_0_o_ram_axi4]
delete_bd_objs [get_bd_intf_ports i_sw]
set_property name i_sw [get_bd_ports gpio2_io_i_0]
delete_bd_objs [get_bd_ports gpio_io_i_0]
assign_bd_address [get_bd_addr_segs {axi_gpio_0/S_AXI/Reg }]
Slave segment </axi_gpio_0/S_AXI/Reg> is being mapped into address space </axi2wb_intcon_wrapper_0/o_user_axi4> at <0x4000_0000 [ 64K ]>
save_bd_design
Wrote  : <D:\_Code\verilog\interface_lab\RVfpga_SoC_lab5_7digit\RVfpga_SoC.srcs\sources_1\bd\swerv_soc\swerv_soc.bd> 
Wrote  : <D:/_Code/verilog/interface_lab/RVfpga_SoC_lab5_7digit/RVfpga_SoC.srcs/sources_1/bd/swerv_soc/ui/bd_3fd5fa6d.ui> 
set_property offset 0x80100000 [get_bd_addr_segs {axi2wb_intcon_wrapper_0/o_user_axi4/SEG_axi_gpio_0_Reg}]
save_bd_design
Wrote  : <D:\_Code\verilog\interface_lab\RVfpga_SoC_lab5_7digit\RVfpga_SoC.srcs\sources_1\bd\swerv_soc\swerv_soc.bd> 
Wrote  : <D:/_Code/verilog/interface_lab/RVfpga_SoC_lab5_7digit/RVfpga_SoC.srcs/sources_1/bd/swerv_soc/ui/bd_3fd5fa6d.ui> 
exit
INFO: [Common 17-206] Exiting Vivado at Fri Nov  3 08:20:12 2023...
