#-----------------------------------------------------------
# Vivado v2019.2 (64-bit)
# SW Build 2708876 on Wed Nov  6 21:40:23 MST 2019
# IP Build 2700528 on Thu Nov  7 00:09:20 MST 2019
# Start of session at: Thu Nov  9 13:07:15 2023
# Process ID: 13332
# Current directory: D:/_Code/verilog/interface_lab/RVfpga_SoC_lab7_example
# Command line: vivado.exe -gui_launcher_event rodinguilauncherevent23216 D:\_Code\verilog\interface_lab\RVfpga_SoC_lab7_example\RVfpga_SoC.xpr
# Log file: D:/_Code/verilog/interface_lab/RVfpga_SoC_lab7_example/vivado.log
# Journal file: D:/_Code/verilog/interface_lab/RVfpga_SoC_lab7_example\vivado.jou
#-----------------------------------------------------------
start_gui
open_project D:/_Code/verilog/interface_lab/RVfpga_SoC_lab7_example/RVfpga_SoC.xpr
INFO: [Project 1-313] Project file moved from 'D:/_Code/verilog/interface_lab/RVfpga_SoC_lab6_edittiming' since last save.
Scanning sources...
Finished scanning sources
WARNING: [filemgmt 56-3] IP Repository Path: Could not find the directory 'D:/_Code/verilog/interface_lab/PWM_7digit_1.0/PWM_7digit_1.0'.
INFO: [IP_Flow 19-234] Refreshing IP repositories
WARNING: [IP_Flow 19-3685] Ignored loading user repository 'd:/_Code/verilog/interface_lab/PWM_7digit_1.0/PWM_7digit_1.0'. The path is contained within another repository.
INFO: [IP_Flow 19-1700] Loaded user IP repository 'd:/_Code/verilog/interface_lab/PWM_7digit_1.0'.
INFO: [IP_Flow 19-1700] Loaded user IP repository 'd:/_Code/verilog/ip_repo'.
INFO: [IP_Flow 19-2313] Loaded Vivado IP repository 'D:/_Download/vivado/Vivado/2019.2/data/ip'.
WARNING: [IP_Flow 19-1663] Duplicate IP found for 'xilinx.com:user:PWM_7digit_v1_0:1.0'. The one found in IP location 'd:/_Code/verilog/interface_lab/PWM_7digit_1.0/pwm_7digit_2.0' will take precedence over the same IP in location d:/_Code/verilog/ip_repo/pwm_7digit_2.0
open_project: Time (s): cpu = 00:00:03 ; elapsed = 00:00:06 . Memory (MB): peak = 885.098 ; gain = 168.836
open_bd_design {D:/_Code/verilog/interface_lab/RVfpga_SoC_lab7_example/RVfpga_SoC.srcs/sources_1/bd/swerv_soc/swerv_soc.bd}
Adding component instance block -- xilinx.com:user:axi2wb_intcon_wrapper:1.0 - axi2wb_intcon_wrapper_0
Adding component instance block -- xilinx.com:user:wb_gpio_wrapper:1.0 - wb_gpio_wrapper_0
Adding component instance block -- xilinx.com:module_ref:bootrom_wrapper:1.0 - bootrom_wrapper_0
Adding component instance block -- xilinx.com:user:swerv_wrapper_verilog:1.0 - swerv_wrapper_verilog_0
Adding component instance block -- xilinx.com:module_ref:wb_uart_wrapper:1.0 - wb_uart_wrapper_0
Adding component instance block -- xilinx.com:ip:axi_interconnect:2.1 - axi_interconnect_0
Adding component instance block -- xilinx.com:ip:axi_crossbar:2.1 - xbar
Adding component instance block -- xilinx.com:ip:axi_dwidth_converter:2.1 - auto_ds
Adding component instance block -- xilinx.com:ip:axi_protocol_converter:2.1 - auto_pc
Adding component instance block -- xilinx.com:ip:axi_gpio:2.0 - axi_gpio_0
Adding component instance block -- xilinx.com:user:PWM_7digit_v1_0:1.0 - PWM_7digit_v1_0_0
Adding component instance block -- xilinx.com:user:PWM_w_Int_v1_0:1.0 - PWM_w_Int_v1_0_0
Adding component instance block -- xilinx.com:module_ref:syscon_wrapper:1.0 - syscon_wrapper_0
Adding component instance block -- xilinx.com:ip:xlconcat:2.1 - xlconcat_0
Adding component instance block -- xilinx.com:module_ref:ptc_wrapper:1.0 - ptc_wrapper_0
WARNING: [BD 41-1731] Type mismatch between connected pins: /syscon_wrapper_0/o_timer_irq(intr) and /swerv_wrapper_verilog_0/timer_int(undef)
WARNING: [BD 41-1731] Type mismatch between connected pins: /wb_gpio_wrapper_0/wb_inta_o(undef) and /syscon_wrapper_0/gpio_irq(intr)
WARNING: [BD 41-1731] Type mismatch between connected pins: /clk_0(clk) and /wb_gpio_wrapper_0/wb_clk_i(undef)
WARNING: [BD 41-1731] Type mismatch between connected pins: /clk_0(clk) and /wb_uart_wrapper_0/wb_clk_i(undef)
WARNING: [BD 41-1731] Type mismatch between connected pins: /clk_0(clk) and /ptc_wrapper_0/wb_clk_i(undef)
WARNING: [BD 41-1731] Type mismatch between connected pins: /rst_0(rst) and /wb_gpio_wrapper_0/wb_rst_i(undef)
WARNING: [BD 41-1731] Type mismatch between connected pins: /rst_0(rst) and /wb_uart_wrapper_0/wb_rst_i(undef)
WARNING: [BD 41-1731] Type mismatch between connected pins: /rst_0(rst) and /ptc_wrapper_0/wb_rst_i(undef)
WARNING: [BD 41-1731] Type mismatch between connected pins: /ptc_wrapper_0/wb_inta_o(undef) and /syscon_wrapper_0/ptc_irq(intr)
Successfully read diagram <swerv_soc> from BD file <D:/_Code/verilog/interface_lab/RVfpga_SoC_lab7_example/RVfpga_SoC.srcs/sources_1/bd/swerv_soc/swerv_soc.bd>
open_bd_design: Time (s): cpu = 00:00:04 ; elapsed = 00:00:07 . Memory (MB): peak = 1944.270 ; gain = 59.680
update_compile_order -fileset sources_1
startgroup
set_property -dict [list CONFIG.C_INTERRUPT_PRESENT {1}] [get_bd_cells axi_gpio_0]
endgroup
delete_bd_objs [get_bd_nets wb_gpio_wrapper_0_wb_inta_o]
connect_bd_net [get_bd_pins axi_gpio_0/ip2intc_irpt] [get_bd_pins syscon_wrapper_0/gpio_irq]
connect_bd_net [get_bd_pins wb_uart_wrapper_0/uart_irq] [get_bd_pins xlconcat_0/In0]
connect_bd_net [get_bd_pins PWM_w_Int_v1_0_0/Interrupt_out] [get_bd_pins xlconcat_0/In1]
validate_bd_design
WARNING: [BD 41-927] Following properties on pin /wb_uart_wrapper_0/wb_clk_i have been updated from connected ip. They may not be synchronized with cell properties. You can set property on pin directly to confirm the value and resolve the warning.
	PHASE=0.000 
WARNING: [BD 41-927] Following properties on pin /wb_uart_wrapper_0/wb_rst_i have been updated from connected ip. They may not be synchronized with cell properties. You can set property on pin directly to confirm the value and resolve the warning.
	POLARITY=ACTIVE_LOW 
WARNING: [BD 41-927] Following properties on pin /ptc_wrapper_0/wb_clk_i have been updated from connected ip. They may not be synchronized with cell properties. You can set property on pin directly to confirm the value and resolve the warning.
	PHASE=0.000 
WARNING: [BD 41-927] Following properties on pin /ptc_wrapper_0/wb_rst_i have been updated from connected ip. They may not be synchronized with cell properties. You can set property on pin directly to confirm the value and resolve the warning.
	POLARITY=ACTIVE_LOW 
WARNING: [BD 41-927] Following properties on pin /ptc_wrapper_0/wb_inta_o have been updated from connected ip. They may not be synchronized with cell properties. You can set property on pin directly to confirm the value and resolve the warning.
	PortWidth=1 
CRITICAL WARNING: [BD 41-759] The input pins (listed below) are either not connected or do not have a source port, and they don't have a tie-off specified. These pins are tied-off to all 0's to avoid error in Implementation flow.
Please check your design and connect them as needed: 
/axi2wb_intcon_wrapper_0/wb_spi_flash_dat_i
/axi2wb_intcon_wrapper_0/wb_spi_flash_ack_i
/axi2wb_intcon_wrapper_0/wb_spi_flash_err_i
/axi2wb_intcon_wrapper_0/wb_spi_flash_rty_i
/axi2wb_intcon_wrapper_0/wb_sys_err_i
/axi2wb_intcon_wrapper_0/wb_sys_rty_i
/axi2wb_intcon_wrapper_0/wb_uart_err_i
/axi2wb_intcon_wrapper_0/wb_uart_rty_i
/axi2wb_intcon_wrapper_0/wb_ptc_rty_i
/axi2wb_intcon_wrapper_0/wb_spi_accel_dat_i
/axi2wb_intcon_wrapper_0/wb_spi_accel_ack_i
/axi2wb_intcon_wrapper_0/wb_spi_accel_err_i
/axi2wb_intcon_wrapper_0/wb_spi_accel_rty_i

save_bd_design
Wrote  : <D:\_Code\verilog\interface_lab\RVfpga_SoC_lab7_example\RVfpga_SoC.srcs\sources_1\bd\swerv_soc\swerv_soc.bd> 
Wrote  : <D:/_Code/verilog/interface_lab/RVfpga_SoC_lab7_example/RVfpga_SoC.srcs/sources_1/bd/swerv_soc/ui/bd_3fd5fa6d.ui> 
reset_run synth_1
launch_runs impl_1 -to_step write_bitstream -jobs 8
INFO: [BD 41-1662] The design 'swerv_soc.bd' is already validated. Therefore parameter propagation will not be re-run.
CRITICAL WARNING: [BD 41-759] The input pins (listed below) are either not connected or do not have a source port, and they don't have a tie-off specified. These pins are tied-off to all 0's to avoid error in Implementation flow.
Please check your design and connect them as needed: 
/axi2wb_intcon_wrapper_0/wb_spi_flash_dat_i
/axi2wb_intcon_wrapper_0/wb_spi_flash_ack_i
/axi2wb_intcon_wrapper_0/wb_spi_flash_err_i
/axi2wb_intcon_wrapper_0/wb_spi_flash_rty_i
/axi2wb_intcon_wrapper_0/wb_sys_err_i
/axi2wb_intcon_wrapper_0/wb_sys_rty_i
/axi2wb_intcon_wrapper_0/wb_uart_err_i
/axi2wb_intcon_wrapper_0/wb_uart_rty_i
/axi2wb_intcon_wrapper_0/wb_ptc_rty_i
/axi2wb_intcon_wrapper_0/wb_spi_accel_dat_i
/axi2wb_intcon_wrapper_0/wb_spi_accel_ack_i
/axi2wb_intcon_wrapper_0/wb_spi_accel_err_i
/axi2wb_intcon_wrapper_0/wb_spi_accel_rty_i

Wrote  : <D:\_Code\verilog\interface_lab\RVfpga_SoC_lab7_example\RVfpga_SoC.srcs\sources_1\bd\swerv_soc\swerv_soc.bd> 
Wrote  : <D:/_Code/verilog/interface_lab/RVfpga_SoC_lab7_example/RVfpga_SoC.srcs/sources_1/bd/swerv_soc/ui/bd_3fd5fa6d.ui> 
VHDL Output written to : D:/_Code/verilog/interface_lab/RVfpga_SoC_lab7_example/RVfpga_SoC.srcs/sources_1/bd/swerv_soc/synth/swerv_soc.v
VHDL Output written to : D:/_Code/verilog/interface_lab/RVfpga_SoC_lab7_example/RVfpga_SoC.srcs/sources_1/bd/swerv_soc/sim/swerv_soc.v
VHDL Output written to : D:/_Code/verilog/interface_lab/RVfpga_SoC_lab7_example/RVfpga_SoC.srcs/sources_1/bd/swerv_soc/hdl/swerv_soc_wrapper.v
INFO: [BD 41-1029] Generation completed for the IP Integrator block axi2wb_intcon_wrapper_0 .
INFO: [BD 41-1029] Generation completed for the IP Integrator block wb_gpio_wrapper_0 .
INFO: [BD 41-1029] Generation completed for the IP Integrator block bootrom_wrapper_0 .
INFO: [BD 41-1029] Generation completed for the IP Integrator block syscon_wrapper_0 .
INFO: [BD 41-1029] Generation completed for the IP Integrator block swerv_wrapper_verilog_0 .
INFO: [BD 41-1029] Generation completed for the IP Integrator block wb_uart_wrapper_0 .
INFO: [BD 41-1029] Generation completed for the IP Integrator block axi_interconnect_0/xbar .
INFO: [BD 41-1029] Generation completed for the IP Integrator block axi_gpio_0 .
INFO: [BD 41-1029] Generation completed for the IP Integrator block PWM_7digit_v1_0_0 .
INFO: [BD 41-1029] Generation completed for the IP Integrator block PWM_w_Int_v1_0_0 .
INFO: [BD 41-1029] Generation completed for the IP Integrator block ptc_wrapper_0 .
INFO: [BD 41-1029] Generation completed for the IP Integrator block xlconcat_0 .
WARNING: [IP_Flow 19-4994] Overwriting existing constraint file 'd:/_Code/verilog/interface_lab/RVfpga_SoC_lab7_example/RVfpga_SoC.srcs/sources_1/bd/swerv_soc/ip/swerv_soc_auto_ds_0/swerv_soc_auto_ds_0_ooc.xdc'
INFO: [BD 41-1029] Generation completed for the IP Integrator block axi_interconnect_0/s00_couplers/auto_ds .
WARNING: [IP_Flow 19-4994] Overwriting existing constraint file 'd:/_Code/verilog/interface_lab/RVfpga_SoC_lab7_example/RVfpga_SoC.srcs/sources_1/bd/swerv_soc/ip/swerv_soc_auto_pc_0/swerv_soc_auto_pc_0_ooc.xdc'
INFO: [BD 41-1029] Generation completed for the IP Integrator block axi_interconnect_0/s00_couplers/auto_pc .
Exporting to file D:/_Code/verilog/interface_lab/RVfpga_SoC_lab7_example/RVfpga_SoC.srcs/sources_1/bd/swerv_soc/hw_handoff/swerv_soc.hwh
Generated Block Design Tcl file D:/_Code/verilog/interface_lab/RVfpga_SoC_lab7_example/RVfpga_SoC.srcs/sources_1/bd/swerv_soc/hw_handoff/swerv_soc_bd.tcl
Generated Hardware Definition File D:/_Code/verilog/interface_lab/RVfpga_SoC_lab7_example/RVfpga_SoC.srcs/sources_1/bd/swerv_soc/synth/swerv_soc.hwdef
INFO: [IP_Flow 19-4993] Using cached IP synthesis design for IP swerv_soc_auto_ds_0, cache-ID = 6daa21a3d6f3034b; cache size = 75.175 MB.
INFO: [IP_Flow 19-4993] Using cached IP synthesis design for IP swerv_soc_auto_pc_0, cache-ID = 2e5c49a27275f34c; cache size = 75.175 MB.
INFO: [IP_Flow 19-5642] Done with IP cache export for multiple IPs
[Thu Nov  9 13:13:13 2023] Launched swerv_soc_axi_gpio_0_1_synth_1, synth_1...
Run output will be captured here:
swerv_soc_axi_gpio_0_1_synth_1: D:/_Code/verilog/interface_lab/RVfpga_SoC_lab7_example/RVfpga_SoC.runs/swerv_soc_axi_gpio_0_1_synth_1/runme.log
synth_1: D:/_Code/verilog/interface_lab/RVfpga_SoC_lab7_example/RVfpga_SoC.runs/synth_1/runme.log
[Thu Nov  9 13:13:14 2023] Launched impl_1...
Run output will be captured here: D:/_Code/verilog/interface_lab/RVfpga_SoC_lab7_example/RVfpga_SoC.runs/impl_1/runme.log
launch_runs: Time (s): cpu = 00:00:02 ; elapsed = 00:00:06 . Memory (MB): peak = 1944.270 ; gain = 0.000
exit
INFO: [Common 17-206] Exiting Vivado at Thu Nov  9 13:31:09 2023...
