Copyright 1986-2022 Xilinx, Inc. All Rights Reserved. Copyright 2022-2023 Advanced Micro Devices, Inc. All Rights Reserved.
-------------------------------------------------------------------------------------------------------------------------------------------------
| Tool Version     : Vivado v.2023.1 (win64) Build 3865809 Sun May  7 15:05:29 MDT 2023
| Date             : Tue Nov 14 22:29:00 2023
| Host             : Chenxuan-RazerBlade running 64-bit major release  (build 9200)
| Command          : report_power -file rvfpga_power_routed.rpt -pb rvfpga_power_summary_routed.pb -rpx rvfpga_power_routed.rpx
| Design           : rvfpga
| Device           : xc7a100tcsg324-1
| Design State     : routed
| Grade            : commercial
| Process          : typical
| Characterization : Production
-------------------------------------------------------------------------------------------------------------------------------------------------

Power Report

Table of Contents
-----------------
1. Summary
1.1 On-Chip Components
1.2 Power Supply Summary
1.3 Confidence Level
2. Settings
2.1 Environment
2.2 Clock Constraints
3. Detailed Reports
3.1 By Hierarchy

1. Summary
----------

+--------------------------+--------------+
| Total On-Chip Power (W)  | 1.071        |
| Design Power Budget (W)  | Unspecified* |
| Power Budget Margin (W)  | NA           |
| Dynamic (W)              | 0.961        |
| Device Static (W)        | 0.110        |
| Effective TJA (C/W)      | 4.6          |
| Max Ambient (C)          | 80.1         |
| Junction Temperature (C) | 29.9         |
| Confidence Level         | Low          |
| Setting File             | ---          |
| Simulation Activity File | ---          |
| Design Nets Matched      | NA           |
+--------------------------+--------------+
* Specify Design Power Budget using, set_operating_conditions -design_power_budget <value in Watts>


1.1 On-Chip Components
----------------------

+--------------------------+-----------+----------+-----------+-----------------+
| On-Chip                  | Power (W) | Used     | Available | Utilization (%) |
+--------------------------+-----------+----------+-----------+-----------------+
| Clocks                   |     0.048 |       16 |       --- |             --- |
| Slice Logic              |     0.018 |    67649 |       --- |             --- |
|   LUT as Logic           |     0.016 |    36384 |     63400 |           57.39 |
|   CARRY4                 |    <0.001 |     1042 |     15850 |            6.57 |
|   Register               |    <0.001 |    21691 |    126800 |           17.11 |
|   LUT as Distributed RAM |    <0.001 |      282 |     19000 |            1.48 |
|   F7/F8 Muxes            |    <0.001 |      496 |     63400 |            0.78 |
|   LUT as Shift Register  |    <0.001 |       56 |     19000 |            0.29 |
|   Others                 |     0.000 |     1334 |       --- |             --- |
| Signals                  |     0.025 |    54775 |       --- |             --- |
| Block RAM                |     0.066 |       44 |       135 |           32.59 |
| MMCM                     |     0.122 |        1 |         6 |           16.67 |
| PLL                      |     0.278 |        2 |         6 |           33.33 |
| DSPs                     |    <0.001 |        4 |       240 |            1.67 |
| I/O                      |     0.403 |      105 |       210 |           50.00 |
| Static Power             |     0.110 |          |           |                 |
| Total                    |     1.071 |          |           |                 |
+--------------------------+-----------+----------+-----------+-----------------+


1.2 Power Supply Summary
------------------------

+-----------+-------------+-----------+-------------+------------+-------------+-------------+------------+
| Source    | Voltage (V) | Total (A) | Dynamic (A) | Static (A) | Powerup (A) | Budget (A)  | Margin (A) |
+-----------+-------------+-----------+-------------+------------+-------------+-------------+------------+
| Vccint    |       1.000 |     0.203 |       0.184 |      0.019 |       NA    | Unspecified | NA         |
| Vccaux    |       1.800 |     0.267 |       0.249 |      0.018 |       NA    | Unspecified | NA         |
| Vcco33    |       3.300 |     0.005 |       0.001 |      0.004 |       NA    | Unspecified | NA         |
| Vcco25    |       2.500 |     0.000 |       0.000 |      0.000 |       NA    | Unspecified | NA         |
| Vcco18    |       1.800 |     0.183 |       0.179 |      0.004 |       NA    | Unspecified | NA         |
| Vcco15    |       1.500 |     0.000 |       0.000 |      0.000 |       NA    | Unspecified | NA         |
| Vcco135   |       1.350 |     0.000 |       0.000 |      0.000 |       NA    | Unspecified | NA         |
| Vcco12    |       1.200 |     0.000 |       0.000 |      0.000 |       NA    | Unspecified | NA         |
| Vccaux_io |       1.800 |     0.000 |       0.000 |      0.000 |       NA    | Unspecified | NA         |
| Vccbram   |       1.000 |     0.006 |       0.005 |      0.001 |       NA    | Unspecified | NA         |
| MGTAVcc   |       1.000 |     0.000 |       0.000 |      0.000 |       NA    | Unspecified | NA         |
| MGTAVtt   |       1.200 |     0.000 |       0.000 |      0.000 |       NA    | Unspecified | NA         |
| Vccadc    |       1.800 |     0.020 |       0.000 |      0.020 |       NA    | Unspecified | NA         |
+-----------+-------------+-----------+-------------+------------+-------------+-------------+------------+


1.3 Confidence Level
--------------------

+-----------------------------+------------+--------------------------------------------------------+------------------------------------------------------------------------------------------------------------+
| User Input Data             | Confidence | Details                                                | Action                                                                                                     |
+-----------------------------+------------+--------------------------------------------------------+------------------------------------------------------------------------------------------------------------+
| Design implementation state | High       | Design is routed                                       |                                                                                                            |
| Clock nodes activity        | High       | User specified more than 95% of clocks                 |                                                                                                            |
| I/O nodes activity          | Low        | More than 75% of inputs are missing user specification | Provide missing input activity with simulation results or by editing the "By Resource Type -> I/Os" view   |
| Internal nodes activity     | Medium     | User specified less than 25% of internal nodes         | Provide missing internal nodes activity with simulation results or by editing the "By Resource Type" views |
| Device models               | High       | Device models are Production                           |                                                                                                            |
|                             |            |                                                        |                                                                                                            |
| Overall confidence level    | Low        |                                                        |                                                                                                            |
+-----------------------------+------------+--------------------------------------------------------+------------------------------------------------------------------------------------------------------------+


2. Settings
-----------

2.1 Environment
---------------

+-----------------------+--------------------------+
| Ambient Temp (C)      | 25.0                     |
| ThetaJA (C/W)         | 4.6                      |
| Airflow (LFM)         | 250                      |
| Heat Sink             | medium (Medium Profile)  |
| ThetaSA (C/W)         | 4.6                      |
| Board Selection       | medium (10"x10")         |
| # of Board Layers     | 12to15 (12 to 15 Layers) |
| Board Temperature (C) | 25.0                     |
+-----------------------+--------------------------+


2.2 Clock Constraints
---------------------

+---------------------+----------------------------------------------------------------------+-----------------+
| Clock               | Domain                                                               | Constraint (ns) |
+---------------------+----------------------------------------------------------------------+-----------------+
| clk_core            | clk_core_BUFG                                                        |            20.0 |
| clk_core            | clk_gen/clk_core                                                     |            20.0 |
| clk_out1_clk_wiz_0  | swervolf/swerv_soc_i/VGA_v1_0_0/inst/clk_wiz/inst/clk_out1_clk_wiz_0 |            15.4 |
| clkfb               | clk_gen/clkfb                                                        |            10.0 |
| clkfbout_clk_wiz_0  | swervolf/swerv_soc_i/VGA_v1_0_0/inst/clk_wiz/inst/clkfbout_clk_wiz_0 |            40.0 |
| clkout0             | ddr2/ldc/clkout0                                                     |             5.0 |
| clkout1             | ddr2/ldc/clkout1                                                     |            10.0 |
| clkout2             | ddr2/ldc/clkout2                                                     |             5.0 |
| clkout3             | ddr2/ldc/clkout3                                                     |             5.0 |
| subfragments_pll_fb | ddr2/ldc/subfragments_pll_fb                                         |            10.0 |
| sys_clk_pin         | clk                                                                  |            10.0 |
| tck_dmi             | tap/dmi_tck                                                          |           100.0 |
| tck_dtmcs           | tap/tap_dtmcs_0                                                      |           100.0 |
| tck_idcode          | tap/idcode_tck                                                       |           100.0 |
+---------------------+----------------------------------------------------------------------+-----------------+


3. Detailed Reports
-------------------

3.1 By Hierarchy
----------------

+-------------------------------+-----------+
| Name                          | Power (W) |
+-------------------------------+-----------+
| rvfpga                        |     0.961 |
|   cdc                         |     0.005 |
|     i_axi_cdc                 |     0.005 |
|       i_cdc_fifo_gray_r       |     0.003 |
|   clk_gen                     |     0.146 |
|   ddr2                        |     0.413 |
|     ldc                       |     0.413 |
|       IOBUF                   |     0.009 |
|       IOBUFDS                 |     0.007 |
|       IOBUFDS_1               |     0.007 |
|       IOBUF_1                 |     0.009 |
|       IOBUF_10                |     0.009 |
|       IOBUF_11                |     0.009 |
|       IOBUF_12                |     0.009 |
|       IOBUF_13                |     0.009 |
|       IOBUF_14                |     0.009 |
|       IOBUF_15                |     0.009 |
|       IOBUF_2                 |     0.009 |
|       IOBUF_3                 |     0.009 |
|       IOBUF_4                 |     0.009 |
|       IOBUF_5                 |     0.009 |
|       IOBUF_6                 |     0.009 |
|       IOBUF_7                 |     0.009 |
|       IOBUF_8                 |     0.009 |
|       IOBUF_9                 |     0.009 |
|       OBUFDS                  |     0.008 |
|       serv_rf_top             |     0.004 |
|   swervolf                    |     0.219 |
|     swerv_soc_i               |     0.219 |
|       VGA_v1_0_0              |     0.129 |
|       axi2wb_intcon_wrapper_0 |     0.005 |
|       axi_interconnect_0      |     0.003 |
|       bootrom_wrapper_0       |     0.001 |
|       swerv_wrapper_verilog_0 |     0.075 |
|       syscon_wrapper_0        |     0.001 |
+-------------------------------+-----------+


